#    p_error     i_error     d_error   max_error       speed     control
           0           0           0           0           0           0
           0           0           0           0           0           0
      0.7598      0.7598      0.7598      0.7598       0.438   -0.578208
      0.7598      1.5196           0      0.7598       5.694  -0.0486272
      0.7629      2.2825      0.0031      0.7629      0.2812  -0.0532657
       0.763      3.0455      0.0001       0.763      0.1896  -0.0534605
      0.7629      3.8084     -0.0001       0.763      0.2126  -0.0556034
      0.7623      4.5707     -0.0006       0.763        0.45  -0.0575055
      0.7611      5.3318     -0.0012       0.763      0.7808  -0.0592992
      0.7592       6.091     -0.0019       0.763      1.1612  -0.0609766
      0.7561      6.8471     -0.0031       0.763      1.7219  -0.0622251
      0.7504      7.5975     -0.0057       0.763       2.602  -0.0623257
       0.734      8.3315     -0.0164       0.763      4.2527  -0.0560865
      0.6954      9.0269     -0.0386       0.763      6.2389  -0.0403939
      0.6707      9.6976     -0.0247       0.763      7.1027  -0.0507034
      0.6475     10.3451     -0.0232       0.763      8.6285  -0.0523503
      0.6612     11.0063      0.0137       0.763     10.0711  -0.0809585
      0.6666     11.6729      0.0054       0.763      11.174  -0.0774615
       0.657     12.3299     -0.0096       0.763     11.9989  -0.0683757
       0.634     12.9639      -0.023       0.763     12.5735  -0.0595637
      0.5999     13.5638     -0.0341       0.763     13.2956  -0.0516156
      0.5501     14.1139     -0.0498       0.763     14.3005  -0.0393875
      0.4943     14.6082     -0.0558       0.763     14.9806   -0.033434
        0.43     15.0382     -0.0643       0.763     15.7251  -0.0250446
      0.3507     15.3889     -0.0793       0.763     16.0542  -0.0109973
       0.272     15.6609     -0.0787       0.763     16.8841  -0.0076687
      0.1099     15.7708     -0.1621       0.763     18.3847   0.0597834
     -0.0429     15.7279     -0.1528       0.763     20.0807   0.0622645
     -0.0033     15.7246      0.0396       0.763     21.5241  -0.0747024
      0.2902     16.0148      0.2935       0.763     23.0221   -0.270326
      0.6228     16.6376      0.3326       0.763     24.3587   -0.318855
      0.5358     17.1734      -0.087       0.763     24.4867  -0.0216966
     -0.3207     16.8527     -0.8565       0.763     24.3287    0.567593
     -1.0241     15.8286     -0.7034      1.0241     24.8899    0.504292
     -1.4534     14.3752     -0.4293      1.4534     25.1719    0.341682
     -1.2672      13.108      0.1862      1.4534     20.1095  -0.0961664
     -0.8809     12.2271      0.3863      1.4534     19.0331   -0.255999
     -0.0596     12.1675      0.8213      1.4534     20.0641   -0.607956
      0.4248     12.5923      0.4844      1.4534     22.2473   -0.401495
     -0.2663      12.326     -0.6911      1.4534     25.4831    0.462237
     -2.0104     10.3156     -1.7441      2.0104     25.4731           1
     -3.6238      6.6918     -1.6134      3.6238     25.4141           1
     -4.0151      2.6767     -0.3913      4.0151     23.0908    0.498756
     -4.2276     -1.5509     -0.2125      4.2276     19.8199    0.398603
     -4.1421      -5.693      0.0855      4.2276     17.1259    0.197471
     -3.9081     -9.6011       0.234      4.2276     14.7505   0.0916731
       -3.62    -13.2211      0.2881      4.2276     14.2541   0.0479533
     -3.3132    -16.5343      0.3068      4.2276     14.3353   0.0270085
     -3.0174    -19.5517      0.2958      4.2276       14.46   0.0266043
     -2.7382    -22.2899      0.2792      4.2276     14.7569   0.0302453
     -2.4123    -24.7022      0.3259      4.2276     15.4699    -0.01411
     -2.0624    -26.7646      0.3499      4.2276     15.7568   -0.045017
     -1.7167    -28.4813      0.3457      4.2276     16.5198  -0.0569775
     -1.2277     -29.709       0.489      4.2276     17.2307   -0.181966
     -0.7757    -30.4847       0.452      4.2276     18.1549   -0.179955
     -0.0214    -30.5061      0.7543      4.2276     20.4893    -0.43525
      0.3706    -30.1355       0.392      4.2276       22.57   -0.205488
      0.0281    -30.1074     -0.3425      4.2276     25.7145    0.328442
     -1.1722    -31.2796     -1.2003      4.2276     25.7659           1
     -2.1514     -33.431     -0.9792      4.2276      27.084    0.910514
     -1.7588    -35.1898      0.3926      4.2276     20.7335  -0.0672402
     -1.0678    -36.2576       0.691      4.2276     17.6905   -0.312995
     -0.2473    -36.5049      0.8205      4.2276     17.3257   -0.450492
      1.2685    -35.2364      1.5158      4.2276     20.3945          -1
      2.0454     -33.191      0.7769      4.2276      23.784    -0.56289
      1.9241    -31.2669     -0.1213      4.2276     20.3507   0.0671129
      1.4934    -29.7735     -0.4307      4.2276     17.2113    0.304193
      1.1095     -28.664     -0.3839      4.2276     16.9181    0.290371
      0.6979    -27.9661     -0.4116      4.2276     18.1964     0.33154
       0.722    -27.2441      0.0241      4.2276      20.096   0.0229863
      1.2294    -26.0147      0.5074      4.2276     21.7042   -0.348441
       2.143    -23.8717      0.9136      4.2276     22.6153   -0.692199
      2.7244    -21.1473      0.5814      4.2276     21.4856   -0.501553
       2.716    -18.4313     -0.0084      4.2276     18.6334  -0.0963541
      2.5696    -15.8617     -0.1464      4.2276      15.463   0.0010283
      2.3982    -13.4635     -0.1714      4.2276      15.115   0.0212749
       2.276    -11.1875     -0.1222      4.2276     14.8164  -0.0129055
       2.153     -9.0345      -0.123      4.2276     15.3142  -0.0116705
      2.0432     -6.9913     -0.1098      4.2276     16.0768  -0.0206717
       1.919     -5.0723     -0.1242      4.2276     16.3745  -0.0091451
      1.7911     -3.2812     -0.1279      4.2276     16.8071  -0.0045102
      1.6617     -1.6195     -0.1294      4.2276      17.164  -0.0009401
      1.5462     -0.0733     -0.1155      4.2276     17.2012  -0.0086097
      1.3215      1.2482     -0.2247      4.2276     18.0281   0.0768984
      1.1019      2.3501     -0.2196      4.2276     18.9164   0.0827595
      0.9707      3.3208     -0.1312      4.2276     20.3219    0.025577
      0.9801      4.3009      0.0094      4.2276     21.2699  -0.0763285
      1.3994      5.7003      0.4193      4.2276      22.344   -0.391776
      1.8788      7.5791      0.4794      4.2276     23.0362   -0.467288
      1.9544      9.5335      0.0756      4.2276     22.2325   -0.194876
      1.4526     10.9861     -0.5018      4.2276     13.9488    0.234051
      1.1572     12.1433     -0.2954      4.2276     13.6071    0.103232
      0.9454     13.0887     -0.2118      4.2276     14.8245   0.0541607
      0.8097     13.8984     -0.1357      4.2276     15.4783   0.0063322
      0.6829     14.5813     -0.1268      4.2276     16.3647   0.0054079
      0.5572     15.1385     -0.1257      4.2276      16.873   0.0102569
       0.431     15.5695     -0.1262      4.2276     17.6716   0.0166335
      0.1897     15.7592     -0.2413      4.2276     18.9918     0.11063
     -0.0123     15.7469      -0.202      4.2276     20.2844   0.0948727
      0.0274     15.7743      0.0397      4.2276     21.8196  -0.0767021
      0.5518     16.3261      0.5244      4.2276     23.2965   -0.448063
      1.1806     17.5067      0.6288      4.2276     24.3311   -0.561155
      1.3103      18.817      0.1297      4.2276     23.5941   -0.223238
      0.6915     19.5085     -0.6188      4.2276     17.9724    0.334527
       0.338     19.8465     -0.3535      4.2276     17.5867    0.168306
     -0.0223     19.8242     -0.3603      4.2276     18.1328    0.194031
     -0.6149     19.2093     -0.5926      4.2276     20.2351    0.392856
     -0.9475     18.2618     -0.3326      4.2276     21.7382     0.23299
     -0.7671     17.4947      0.1804      4.2276     21.3073   -0.134272
      0.0623      17.557      0.8294      4.2276     21.1813   -0.636864
      1.0153     18.5723       0.953      4.2276     22.0536   -0.781704
      1.4594     20.0317      0.4441      4.2276     24.1397    -0.45561
      1.0579     21.0896     -0.4015      4.2276     18.7369    0.156423
      0.3297     21.4193     -0.7282      4.2276     17.5142    0.426359
     -0.4144     21.0049     -0.7441      4.2276     18.9257     0.48189
     -0.9056     20.0993     -0.4912      4.2276     21.0183    0.336067
     -0.8838     19.2155      0.0218      4.2276     21.5576  -0.0216461
     -0.0847     19.1308      0.7991      4.2276     21.3363    -0.61185
      1.1059     20.2367      1.1906      4.2276      21.751   -0.958272
      1.9933       22.23      0.8874      4.2276     23.9753   -0.803481
      1.8386     24.0686     -0.1547      4.2276     18.9356  -0.0705546
      1.2757     25.3443     -0.5629      4.2276     14.5125    0.244006
      1.0081     26.3524     -0.2676      4.2276     13.7857    0.049793
        0.66     27.0124     -0.3481      4.2276     15.1761    0.124353
      0.2089     27.2213     -0.4511      4.2276     16.3475     0.22199
     -0.1797     27.0416     -0.3886      4.2276     17.8007    0.201318
     -0.4714     26.5702     -0.2917      4.2276     19.6111    0.151821
     -0.5753     25.9949     -0.1039      4.2276     20.5848   0.0281127
     -0.4935     25.5014      0.0818      4.2276     20.7262   -0.105141
      0.2578     25.7592      0.7513      4.2276     21.2115    -0.61814
      1.0822     26.8414      0.8244      4.2276     22.0675   -0.720372
      1.5088     28.3502      0.4266      4.2276     22.7535   -0.471181
      1.3108      29.661      -0.198      4.2276     18.7283  -0.0264094
      0.7942     30.4552     -0.5166      4.2276     17.5246    0.224191
      0.3259     30.7811     -0.4683      4.2276     18.5955    0.216564
      0.0015     30.7826     -0.3244      4.2276       19.85    0.134645
      -0.146     30.6366     -0.1475      4.2276     21.6429   0.0198082
      0.2461     30.8827      0.3921      4.2276      23.174   -0.381392
      1.0316     31.9143      0.7855      4.2276     23.6969   -0.705426
      1.5519     33.4662      0.5203      4.2276     23.9104   -0.554619
      1.5439     35.0101      -0.008      4.2276     19.2115   -0.188977
      1.0717     36.0818     -0.4722      4.2276     14.7553    0.160136
      0.5812      36.663     -0.4905      4.2276     14.8668    0.199651
      0.1132     36.7762      -0.468      4.2276      16.062    0.210706
      0.0338       36.81     -0.0794      4.2276     17.9608  -0.0568104
      0.2756     37.0856      0.2418      4.2276     19.8498   -0.296502
      0.5628     37.6484      0.2872      4.2276     20.6511   -0.346628
      0.6878     38.3362       0.125      4.2276     20.8818   -0.242401
      0.5175     38.8537     -0.1703      4.2276      21.217  -0.0273661
      0.0523      38.906     -0.4652      4.2276     21.4284    0.205889
      -0.291      38.615     -0.3433      4.2276     22.5337    0.141343
     -0.5265     38.0885     -0.2355      4.2276     24.0083   0.0811215
     -0.5623     37.5262     -0.0358      4.2276     24.3132  -0.0549052
     -0.0169     37.5093      0.5454      4.2276     24.4746   -0.493328
      0.5581     38.0674       0.575      4.2276     24.9416   -0.549072
      0.8347     38.9021      0.2766      4.2276     26.2631   -0.358739
      0.4173     39.3194     -0.4174      4.2276     25.7046    0.150018
     -0.6518     38.6676     -1.0691      4.2276     25.6465    0.670172
     -1.8193     36.8483     -1.1675      4.2276     26.7374    0.812224
     -2.3224     34.5259     -0.5031      4.2276      26.136    0.383292
     -1.8108     32.7151      0.5116      4.2276     21.3797   -0.351239
     -0.8499     31.8652      0.9609      4.2276     16.8846   -0.718931
     -0.0833     31.7819      0.7666      4.2276     17.0925   -0.627134
      0.3415     32.1234      0.4248      4.2276     19.3153   -0.413537
      0.2662     32.3896     -0.0753      4.2276     21.7471  -0.0598984
      -0.113     32.2766     -0.3792      4.2276     22.2161    0.175164
     -0.7405     31.5361     -0.6275      4.2276     23.0717    0.387591
     -1.2947     30.2414     -0.5542      4.2276     24.0627    0.372308
